<?xml version="1.0" encoding="UTF-8"?>
<!-- Generated by org.testng.reporters.JUnitXMLReporter -->
<testsuite hostname="Tarun" name="Test" tests="4" failures="0" timestamp="26 Sep 2019 10:32:42 GMT" time="31.298" errors="0">
  <testcase name="findANumberIsprime" time="6.719" classname="Practice.TwentysixSeptember"/>
  <testcase name="primeNumbers" time="8.332" classname="Practice.TwentysixSeptember"/>
  <testcase name="palandromeForInt" time="8.529" classname="Practice.TwentysixSeptember"/>
  <testcase name="palandromeForString" time="7.676" classname="Practice.TwentysixSeptember"/>
</testsuite> <!-- Test -->
