<?xml version="1.0" encoding="UTF-8"?>
<!-- Generated by org.testng.reporters.JUnitXMLReporter -->
<testsuite hostname="Tarun" name="Default test" tests="3" failures="0" timestamp="26 Sep 2019 10:20:01 GMT" time="22.825" errors="0">
  <testcase name="findANumberIsprime" time="10.234" classname="Practice.TwentysixSeptember"/>
  <testcase name="primeNumbers" time="3.107" classname="Practice.TwentysixSeptember"/>
  <testcase name="palandromeForInt" time="9.447" classname="Practice.TwentysixSeptember"/>
</testsuite> <!-- Default test -->
